<html>
<head>
<title>TestNG:  Test</title>
<link href="../testng.css" rel="stylesheet" type="text/css" />
<link href="../my-testng.css" rel="stylesheet" type="text/css" />

<style type="text/css">
.log { display: none;} 
.stack-trace { display: none;} 
</style>
<script type="text/javascript">
<!--
function flip(e) {
  current = e.style.display;
  if (current == 'block') {
    e.style.display = 'none';
    return 0;
  }
  else {
    e.style.display = 'block';
    return 1;
  }
}

function toggleBox(szDivId, elem, msg1, msg2)
{
  var res = -1;  if (document.getElementById) {
    res = flip(document.getElementById(szDivId));
  }
  else if (document.all) {
    // this is the way old msie versions work
    res = flip(document.all[szDivId]);
  }
  if(elem) {
    if(res == 0) elem.innerHTML = msg1; else elem.innerHTML = msg2;
  }

}

function toggleAllBoxes() {
  if (document.getElementsByTagName) {
    d = document.getElementsByTagName('div');
    for (i = 0; i < d.length; i++) {
      if (d[i].className == 'log') {
        flip(d[i]);
      }
    }
  }
}

// -->
</script>

</head>
<body>
<h2 align='center'>Test</h2><table border='1' align="center">
<tr>
<td>Tests passed/Failed/Skipped:</td><td>30/3/1</td>
</tr><tr>
<td>Started on:</td><td>Wed Jan 19 22:30:37 IST 2022</td>
</tr>
<tr><td>Total time:</td><td>172 seconds (172598 ms)</td>
</tr><tr>
<td>Included groups:</td><td></td>
</tr><tr>
<td>Excluded groups:</td><td></td>
</tr>
</table><p/>
<small><i>(Hover the method name to see the test class name)</i></small><p/>
<table width='100%' border='1' class='invocation-failed'>
<tr><td colspan='4' align='center'><b>FAILED TESTS</b></td></tr>
<tr><td><b>Test method</b></td>
<td width="30%"><b>Exception</b></td>
<td width="10%"><b>Time (seconds)</b></td>
<td><b>Instance</b></td>
</tr>
<tr>
<td title='testng.logintestcasewithtimeout.loginwithvaliduser()'><b>loginwithvaliduser</b><br>Test class: testng.logintestcasewithtimeout</td>
<td><div><pre>org.testng.internal.thread.ThreadTimeoutException: Method testng.logintestcasewithtimeout.loginwithvaliduser() didn&apos;t finish within the time-out 2000
	at java.util.ArrayList.forEach(Unknown Source)
... Removed 24 stack frames</pre></div><a href='#' onClick='toggleBox("stack-trace1306085976", this, "Click to show all stack frames", "Click to hide stack frames")'>Click to show all stack frames</a>
<div class='stack-trace' id='stack-trace1306085976'><pre>org.testng.internal.thread.ThreadTimeoutException: Method testng.logintestcasewithtimeout.loginwithvaliduser() didn&apos;t finish within the time-out 2000
	at org.testng.internal.MethodInvocationHelper.invokeWithTimeoutWithNewExecutor(MethodInvocationHelper.java:384)
	at org.testng.internal.MethodInvocationHelper.invokeWithTimeout(MethodInvocationHelper.java:283)
	at org.testng.internal.TestInvoker.invokeMethod(TestInvoker.java:604)
	at org.testng.internal.TestInvoker.invokeTestMethod(TestInvoker.java:173)
	at org.testng.internal.MethodRunner.runInSequence(MethodRunner.java:46)
	at org.testng.internal.TestInvoker$MethodInvocationAgent.invoke(TestInvoker.java:824)
	at org.testng.internal.TestInvoker.invokeTestMethods(TestInvoker.java:146)
	at org.testng.internal.TestMethodWorker.invokeTestMethods(TestMethodWorker.java:146)
	at org.testng.internal.TestMethodWorker.run(TestMethodWorker.java:128)
	at java.util.ArrayList.forEach(Unknown Source)
	at org.testng.TestRunner.privateRun(TestRunner.java:794)
	at org.testng.TestRunner.run(TestRunner.java:596)
	at org.testng.SuiteRunner.runTest(SuiteRunner.java:377)
	at org.testng.SuiteRunner.runSequentially(SuiteRunner.java:371)
	at org.testng.SuiteRunner.privateRun(SuiteRunner.java:332)
	at org.testng.SuiteRunner.run(SuiteRunner.java:276)
	at org.testng.SuiteRunnerWorker.runSuite(SuiteRunnerWorker.java:53)
	at org.testng.SuiteRunnerWorker.run(SuiteRunnerWorker.java:96)
	at org.testng.TestNG.runSuitesSequentially(TestNG.java:1212)
	at org.testng.TestNG.runSuitesLocally(TestNG.java:1134)
	at org.testng.TestNG.runSuites(TestNG.java:1063)
	at org.testng.TestNG.run(TestNG.java:1031)
	at org.testng.remote.AbstractRemoteTestNG.run(AbstractRemoteTestNG.java:115)
	at org.testng.remote.RemoteTestNG.initAndRun(RemoteTestNG.java:251)
	at org.testng.remote.RemoteTestNG.main(RemoteTestNG.java:77)
</pre></div></td>
<td>2</td>
<td>testng.logintestcasewithtimeout@436e852b</td></tr>
<tr>
<td title='testng.Actitimetask.logoutandclose()'><b>logoutandclose</b><br>Test class: testng.Actitimetask</td>
<td><div><pre>org.openqa.selenium.ElementClickInterceptedException: element click intercepted: Element &lt;a href=&quot;/logout.do&quot; id=&quot;logoutLink&quot; class=&quot;logout&quot;&gt;...&lt;/a&gt; is not clickable at point (1479, 17). Other element would receive the click: &lt;img src=&quot;/img/default/dialogs/exitconfirm/shade.png?hash=1846506722&quot; id=&quot;muar&quot; style=&quot;display: block;&quot;&gt;
  (Session info: chrome=97.0.4692.71)
Build info: version: &apos;3.141.59&apos;, revision: &apos;e82be7d358&apos;, time: &apos;2018-11-14T08:25:48&apos;
System info: host: &apos;LAPTOP-SICQQ1V5&apos;, ip: &apos;192.168.43.219&apos;, os.name: &apos;Windows 10&apos;, os.arch: &apos;amd64&apos;, os.version: &apos;10.0&apos;, java.version: &apos;1.8.0_202&apos;
Driver info: org.openqa.selenium.chrome.ChromeDriver
Capabilities {acceptInsecureCerts: false, browserName: chrome, browserVersion: 97.0.4692.71, chrome: {chromedriverVersion: 97.0.4692.71 (adefa7837d02a..., userDataDir: C:\Users\TEJALP~1\AppData\L...}, goog:chromeOptions: {debuggerAddress: localhost:50363}, javascriptEnabled: true, networkConnectionEnabled: false, pageLoadStrategy: normal, platform: WINDOWS, platformName: WINDOWS, proxy: Proxy(), setWindowRect: true, strictFileInteractability: false, timeouts: {implicit: 0, pageLoad: 300000, script: 30000}, unhandledPromptBehavior: dismiss and notify, webauthn:extension:credBlob: true, webauthn:extension:largeBlob: true, webauthn:virtualAuthenticators: true}
Session ID: 729acfef9e73fe34f14231035accbd67
	at org.openqa.selenium.remote.http.W3CHttpResponseCodec.createException(W3CHttpResponseCodec.java:187)
	at org.openqa.selenium.remote.http.W3CHttpResponseCodec.decode(W3CHttpResponseCodec.java:122)
	at org.openqa.selenium.remote.http.W3CHttpResponseCodec.decode(W3CHttpResponseCodec.java:49)
	at org.openqa.selenium.remote.HttpCommandExecutor.execute(HttpCommandExecutor.java:158)
	at org.openqa.selenium.remote.service.DriverCommandExecutor.execute(DriverCommandExecutor.java:83)
	at org.openqa.selenium.remote.RemoteWebDriver.execute(RemoteWebDriver.java:552)
	at org.openqa.selenium.remote.RemoteWebElement.execute(RemoteWebElement.java:285)
	at org.openqa.selenium.remote.RemoteWebElement.click(RemoteWebElement.java:84)
	at testng.Actitimetask.logoutandclose(Actitimetask.java:98)
	at java.util.ArrayList.forEach(Unknown Source)
... Removed 31 stack frames</pre></div><a href='#' onClick='toggleBox("stack-trace910504711", this, "Click to show all stack frames", "Click to hide stack frames")'>Click to show all stack frames</a>
<div class='stack-trace' id='stack-trace910504711'><pre>org.openqa.selenium.ElementClickInterceptedException: element click intercepted: Element &lt;a href=&quot;/logout.do&quot; id=&quot;logoutLink&quot; class=&quot;logout&quot;&gt;...&lt;/a&gt; is not clickable at point (1479, 17). Other element would receive the click: &lt;img src=&quot;/img/default/dialogs/exitconfirm/shade.png?hash=1846506722&quot; id=&quot;muar&quot; style=&quot;display: block;&quot;&gt;
  (Session info: chrome=97.0.4692.71)
Build info: version: &apos;3.141.59&apos;, revision: &apos;e82be7d358&apos;, time: &apos;2018-11-14T08:25:48&apos;
System info: host: &apos;LAPTOP-SICQQ1V5&apos;, ip: &apos;192.168.43.219&apos;, os.name: &apos;Windows 10&apos;, os.arch: &apos;amd64&apos;, os.version: &apos;10.0&apos;, java.version: &apos;1.8.0_202&apos;
Driver info: org.openqa.selenium.chrome.ChromeDriver
Capabilities {acceptInsecureCerts: false, browserName: chrome, browserVersion: 97.0.4692.71, chrome: {chromedriverVersion: 97.0.4692.71 (adefa7837d02a..., userDataDir: C:\Users\TEJALP~1\AppData\L...}, goog:chromeOptions: {debuggerAddress: localhost:50363}, javascriptEnabled: true, networkConnectionEnabled: false, pageLoadStrategy: normal, platform: WINDOWS, platformName: WINDOWS, proxy: Proxy(), setWindowRect: true, strictFileInteractability: false, timeouts: {implicit: 0, pageLoad: 300000, script: 30000}, unhandledPromptBehavior: dismiss and notify, webauthn:extension:credBlob: true, webauthn:extension:largeBlob: true, webauthn:virtualAuthenticators: true}
Session ID: 729acfef9e73fe34f14231035accbd67
	at sun.reflect.NativeConstructorAccessorImpl.newInstance0(Native Method)
	at sun.reflect.NativeConstructorAccessorImpl.newInstance(Unknown Source)
	at sun.reflect.DelegatingConstructorAccessorImpl.newInstance(Unknown Source)
	at java.lang.reflect.Constructor.newInstance(Unknown Source)
	at org.openqa.selenium.remote.http.W3CHttpResponseCodec.createException(W3CHttpResponseCodec.java:187)
	at org.openqa.selenium.remote.http.W3CHttpResponseCodec.decode(W3CHttpResponseCodec.java:122)
	at org.openqa.selenium.remote.http.W3CHttpResponseCodec.decode(W3CHttpResponseCodec.java:49)
	at org.openqa.selenium.remote.HttpCommandExecutor.execute(HttpCommandExecutor.java:158)
	at org.openqa.selenium.remote.service.DriverCommandExecutor.execute(DriverCommandExecutor.java:83)
	at org.openqa.selenium.remote.RemoteWebDriver.execute(RemoteWebDriver.java:552)
	at org.openqa.selenium.remote.RemoteWebElement.execute(RemoteWebElement.java:285)
	at org.openqa.selenium.remote.RemoteWebElement.click(RemoteWebElement.java:84)
	at testng.Actitimetask.logoutandclose(Actitimetask.java:98)
	at sun.reflect.NativeMethodAccessorImpl.invoke0(Native Method)
	at sun.reflect.NativeMethodAccessorImpl.invoke(Unknown Source)
	at sun.reflect.DelegatingMethodAccessorImpl.invoke(Unknown Source)
	at java.lang.reflect.Method.invoke(Unknown Source)
	at org.testng.internal.MethodInvocationHelper.invokeMethod(MethodInvocationHelper.java:133)
	at org.testng.internal.TestInvoker.invokeMethod(TestInvoker.java:598)
	at org.testng.internal.TestInvoker.invokeTestMethod(TestInvoker.java:173)
	at org.testng.internal.MethodRunner.runInSequence(MethodRunner.java:46)
	at org.testng.internal.TestInvoker$MethodInvocationAgent.invoke(TestInvoker.java:824)
	at org.testng.internal.TestInvoker.invokeTestMethods(TestInvoker.java:146)
	at org.testng.internal.TestMethodWorker.invokeTestMethods(TestMethodWorker.java:146)
	at org.testng.internal.TestMethodWorker.run(TestMethodWorker.java:128)
	at java.util.ArrayList.forEach(Unknown Source)
	at org.testng.TestRunner.privateRun(TestRunner.java:794)
	at org.testng.TestRunner.run(TestRunner.java:596)
	at org.testng.SuiteRunner.runTest(SuiteRunner.java:377)
	at org.testng.SuiteRunner.runSequentially(SuiteRunner.java:371)
	at org.testng.SuiteRunner.privateRun(SuiteRunner.java:332)
	at org.testng.SuiteRunner.run(SuiteRunner.java:276)
	at org.testng.SuiteRunnerWorker.runSuite(SuiteRunnerWorker.java:53)
	at org.testng.SuiteRunnerWorker.run(SuiteRunnerWorker.java:96)
	at org.testng.TestNG.runSuitesSequentially(TestNG.java:1212)
	at org.testng.TestNG.runSuitesLocally(TestNG.java:1134)
	at org.testng.TestNG.runSuites(TestNG.java:1063)
	at org.testng.TestNG.run(TestNG.java:1031)
	at org.testng.remote.AbstractRemoteTestNG.run(AbstractRemoteTestNG.java:115)
	at org.testng.remote.RemoteTestNG.initAndRun(RemoteTestNG.java:251)
	at org.testng.remote.RemoteTestNG.main(RemoteTestNG.java:77)
</pre></div></td>
<td>1</td>
<td>testng.Actitimetask@305fd85d</td></tr>
<tr>
<td title='testng.logintestcasewithdependson.loginvaliduser()'><b>loginvaliduser</b><br>Test class: testng.logintestcasewithdependson</td>
<td><div><pre>java.lang.ArithmeticException: / by zero
	at testng.logintestcasewithdependson.loginvaliduser(logintestcasewithdependson.java:8)
	at java.util.ArrayList.forEach(Unknown Source)
... Removed 27 stack frames</pre></div><a href='#' onClick='toggleBox("stack-trace1821010113", this, "Click to show all stack frames", "Click to hide stack frames")'>Click to show all stack frames</a>
<div class='stack-trace' id='stack-trace1821010113'><pre>java.lang.ArithmeticException: / by zero
	at testng.logintestcasewithdependson.loginvaliduser(logintestcasewithdependson.java:8)
	at sun.reflect.NativeMethodAccessorImpl.invoke0(Native Method)
	at sun.reflect.NativeMethodAccessorImpl.invoke(Unknown Source)
	at sun.reflect.DelegatingMethodAccessorImpl.invoke(Unknown Source)
	at java.lang.reflect.Method.invoke(Unknown Source)
	at org.testng.internal.MethodInvocationHelper.invokeMethod(MethodInvocationHelper.java:133)
	at org.testng.internal.TestInvoker.invokeMethod(TestInvoker.java:598)
	at org.testng.internal.TestInvoker.invokeTestMethod(TestInvoker.java:173)
	at org.testng.internal.MethodRunner.runInSequence(MethodRunner.java:46)
	at org.testng.internal.TestInvoker$MethodInvocationAgent.invoke(TestInvoker.java:824)
	at org.testng.internal.TestInvoker.invokeTestMethods(TestInvoker.java:146)
	at org.testng.internal.TestMethodWorker.invokeTestMethods(TestMethodWorker.java:146)
	at org.testng.internal.TestMethodWorker.run(TestMethodWorker.java:128)
	at java.util.ArrayList.forEach(Unknown Source)
	at org.testng.TestRunner.privateRun(TestRunner.java:794)
	at org.testng.TestRunner.run(TestRunner.java:596)
	at org.testng.SuiteRunner.runTest(SuiteRunner.java:377)
	at org.testng.SuiteRunner.runSequentially(SuiteRunner.java:371)
	at org.testng.SuiteRunner.privateRun(SuiteRunner.java:332)
	at org.testng.SuiteRunner.run(SuiteRunner.java:276)
	at org.testng.SuiteRunnerWorker.runSuite(SuiteRunnerWorker.java:53)
	at org.testng.SuiteRunnerWorker.run(SuiteRunnerWorker.java:96)
	at org.testng.TestNG.runSuitesSequentially(TestNG.java:1212)
	at org.testng.TestNG.runSuitesLocally(TestNG.java:1134)
	at org.testng.TestNG.runSuites(TestNG.java:1063)
	at org.testng.TestNG.run(TestNG.java:1031)
	at org.testng.remote.AbstractRemoteTestNG.run(AbstractRemoteTestNG.java:115)
	at org.testng.remote.RemoteTestNG.initAndRun(RemoteTestNG.java:251)
	at org.testng.remote.RemoteTestNG.main(RemoteTestNG.java:77)
</pre></div></td>
<td>0</td>
<td>testng.logintestcasewithdependson@7a1ebcd8</td></tr>
</table><p>
<table width='100%' border='1' class='invocation-passed'>
<tr><td colspan='4' align='center'><b>PASSED TESTS</b></td></tr>
<tr><td><b>Test method</b></td>
<td width="30%"><b>Exception</b></td>
<td width="10%"><b>Time (seconds)</b></td>
<td><b>Instance</b></td>
</tr>
<tr>
<td title='testng.Groupexample.testcase3()'><b>testcase3</b><br>Test class: testng.Groupexample</td>
<td></td>
<td>0</td>
<td>testng.Groupexample@37d31475</td></tr>
<tr>
<td title='testng.logintestcasewithenabled.logintestcasewithvaliddata()'><b>logintestcasewithvaliddata</b><br>Test class: testng.logintestcasewithenabled</td>
<td></td>
<td>0</td>
<td>testng.logintestcasewithenabled@32d2fa64</td></tr>
<tr>
<td title='testng.googleapplicationwithbeforeaftertest.testgooglelandingpage()'><b>testgooglelandingpage</b><br>Test class: testng.googleapplicationwithbeforeaftertest</td>
<td></td>
<td>0</td>
<td>testng.googleapplicationwithbeforeaftertest@36b4cef0</td></tr>
<tr>
<td title='testng.logintestcasewithtimeout.loginwithinvaliduser()'><b>loginwithinvaliduser</b><br>Test class: testng.logintestcasewithtimeout</td>
<td></td>
<td>1</td>
<td>testng.logintestcasewithtimeout@436e852b</td></tr>
<tr>
<td title='testng.testcasewithdiscription.loginwithinvaliduser()'><b>loginwithinvaliduser</b><br>Test class: testng.testcasewithdiscription<br>Test method: tc:2 login with invalid user</td>
<td></td>
<td>0</td>
<td>testng.testcasewithdiscription@1d8d30f7</td></tr>
<tr>
<td title='testng.actitimeloginwithclasslevelannotation.tc_2logoutandclosebrowser()'><b>tc_2logoutandclosebrowser</b><br>Test class: testng.actitimeloginwithclasslevelannotation</td>
<td></td>
<td>9</td>
<td>testng.actitimeloginwithclasslevelannotation@4232c52b</td></tr>
<tr>
<td title='testng.Groupexample.testcase1()'><b>testcase1</b><br>Test class: testng.Groupexample</td>
<td></td>
<td>0</td>
<td>testng.Groupexample@37d31475</td></tr>
<tr>
<td title='testng.googleapplicationwithbeforeaftertest.testsearch()'><b>testsearch</b><br>Test class: testng.googleapplicationwithbeforeaftertest</td>
<td></td>
<td>3</td>
<td>testng.googleapplicationwithbeforeaftertest@36b4cef0</td></tr>
<tr>
<td title='testng.Groupexample.testcase5()'><b>testcase5</b><br>Test class: testng.Groupexample</td>
<td></td>
<td>0</td>
<td>testng.Groupexample@37d31475</td></tr>
<tr>
<td title='testng.actitimeloginwithclasslevelannotation.tc_1openbrowserandlogin()'><b>tc_1openbrowserandlogin</b><br>Test class: testng.actitimeloginwithclasslevelannotation</td>
<td></td>
<td>23</td>
<td>testng.actitimeloginwithclasslevelannotation@4232c52b</td></tr>
<tr>
<td title='testng.AllAttributesinone.createtask()'><b>createtask</b><br>Test class: testng.AllAttributesinone<br>Test method: tc:2=create task</td>
<td></td>
<td>0</td>
<td>testng.AllAttributesinone@fad74ee</td></tr>
<tr>
<td title='testng.Groupexample.testcase4()'><b>testcase4</b><br>Test class: testng.Groupexample</td>
<td></td>
<td>0</td>
<td>testng.Groupexample@37d31475</td></tr>
<tr>
<td title='testng.logintestcase.loginwithemptyusername()'><b>loginwithemptyusername</b><br>Test class: testng.logintestcase</td>
<td></td>
<td>0</td>
<td>testng.logintestcase@27808f31</td></tr>
<tr>
<td title='testng.sampletesting.testcase1()'><b>testcase1</b><br>Test class: testng.sampletesting</td>
<td></td>
<td>0</td>
<td>testng.sampletesting@57e1b0c</td></tr>
<tr>
<td title='testng.logintestcasewithpriority.logintestcasewithvaliduser()'><b>logintestcasewithvaliduser</b><br>Test class: testng.logintestcasewithpriority</td>
<td></td>
<td>0</td>
<td>testng.logintestcasewithpriority@1a1d6a08</td></tr>
<tr>
<td title='testng.Actitimetask.openbrowserandlogin()'><b>openbrowserandlogin</b><br>Test class: testng.Actitimetask</td>
<td></td>
<td>17</td>
<td>testng.Actitimetask@305fd85d</td></tr>
<tr>
<td title='testng.AllAttributesinone.loginwithvaliduser1()'><b>loginwithvaliduser1</b><br>Test class: testng.AllAttributesinone<br>Test method: tc:1=loginwithvaliduser1</td>
<td></td>
<td>0</td>
<td>testng.AllAttributesinone@fad74ee</td></tr>
<tr>
<td title='testng.actitimeloginwithassertcondition.logoutAndClose()'><b>logoutAndClose</b><br>Test class: testng.actitimeloginwithassertcondition</td>
<td></td>
<td>13</td>
<td>testng.actitimeloginwithassertcondition@33f88ab</td></tr>
<tr>
<td title='testng.Actitimetask.createandverifytask()'><b>createandverifytask</b><br>Test class: testng.Actitimetask</td>
<td></td>
<td>27</td>
<td>testng.Actitimetask@305fd85d</td></tr>
<tr>
<td title='testng.logintestcasewithpriority.logintestcasewithinvaliduser()'><b>logintestcasewithinvaliduser</b><br>Test class: testng.logintestcasewithpriority</td>
<td></td>
<td>0</td>
<td>testng.logintestcasewithpriority@1a1d6a08</td></tr>
<tr>
<td title='testng.logintestcase.loginwithinvalidusername()'><b>loginwithinvalidusername</b><br>Test class: testng.logintestcase</td>
<td></td>
<td>0</td>
<td>testng.logintestcase@27808f31</td></tr>
<tr>
<td title='testng.logintestcase.loginwithvalidusername()'><b>loginwithvalidusername</b><br>Test class: testng.logintestcase</td>
<td></td>
<td>0</td>
<td>testng.logintestcase@27808f31</td></tr>
<tr>
<td title='testng.Groupexample.testcase2()'><b>testcase2</b><br>Test class: testng.Groupexample</td>
<td></td>
<td>0</td>
<td>testng.Groupexample@37d31475</td></tr>
<tr>
<td title='testng.logintestcasewithpriority.logintestcasewithemptyuser()'><b>logintestcasewithemptyuser</b><br>Test class: testng.logintestcasewithpriority</td>
<td></td>
<td>0</td>
<td>testng.logintestcasewithpriority@1a1d6a08</td></tr>
<tr>
<td title='testng.sampletesting1.testcase1()'><b>testcase1</b><br>Test class: testng.sampletesting1</td>
<td></td>
<td>0</td>
<td>testng.sampletesting1@458c1321</td></tr>
<tr>
<td title='testng.actitimeloginwithassertcondition.openBroserAndLogin()'><b>openBroserAndLogin</b><br>Test class: testng.actitimeloginwithassertcondition</td>
<td></td>
<td>42</td>
<td>testng.actitimeloginwithassertcondition@33f88ab</td></tr>
<tr>
<td title='testng.Groupexample.testcase6()'><b>testcase6</b><br>Test class: testng.Groupexample</td>
<td></td>
<td>0</td>
<td>testng.Groupexample@37d31475</td></tr>
<tr>
<td title='testng.testcasewithdiscription.loginwithemptyuser()'><b>loginwithemptyuser</b><br>Test class: testng.testcasewithdiscription<br>Test method: tc:3 login with empty user</td>
<td></td>
<td>0</td>
<td>testng.testcasewithdiscription@1d8d30f7</td></tr>
<tr>
<td title='testng.testcasewithdiscription.loginwithvaliduser()'><b>loginwithvaliduser</b><br>Test class: testng.testcasewithdiscription<br>Test method: tc:1 login with valid user</td>
<td></td>
<td>0</td>
<td>testng.testcasewithdiscription@1d8d30f7</td></tr>
<tr>
<td title='testng.logintestcasewithenabled.createtask()'><b>createtask</b><br>Test class: testng.logintestcasewithenabled</td>
<td></td>
<td>0</td>
<td>testng.logintestcasewithenabled@32d2fa64</td></tr>
</table><p>
<table width='100%' border='1' class='invocation-skipped'>
<tr><td colspan='4' align='center'><b>SKIPPED TESTS</b></td></tr>
<tr><td><b>Test method</b></td>
<td width="30%"><b>Exception</b></td>
<td width="10%"><b>Time (seconds)</b></td>
<td><b>Instance</b></td>
</tr>
<tr>
<td title='testng.logintestcasewithdependson.createtask()'><b>createtask</b><br>Test class: testng.logintestcasewithdependson</td>
<td><div><pre>java.lang.Throwable: Method logintestcasewithdependson.createtask()[pri:0, instance:testng.logintestcasewithdependson@7a1ebcd8] depends on not successfully finished methods
	at java.util.ArrayList.forEach(Unknown Source)
... Removed 18 stack frames</pre></div><a href='#' onClick='toggleBox("stack-trace1618683794", this, "Click to show all stack frames", "Click to hide stack frames")'>Click to show all stack frames</a>
<div class='stack-trace' id='stack-trace1618683794'><pre>java.lang.Throwable: Method logintestcasewithdependson.createtask()[pri:0, instance:testng.logintestcasewithdependson@7a1ebcd8] depends on not successfully finished methods
	at org.testng.internal.TestInvoker.invokeTestMethods(TestInvoker.java:102)
	at org.testng.internal.TestMethodWorker.invokeTestMethods(TestMethodWorker.java:146)
	at org.testng.internal.TestMethodWorker.run(TestMethodWorker.java:128)
	at java.util.ArrayList.forEach(Unknown Source)
	at org.testng.TestRunner.privateRun(TestRunner.java:794)
	at org.testng.TestRunner.run(TestRunner.java:596)
	at org.testng.SuiteRunner.runTest(SuiteRunner.java:377)
	at org.testng.SuiteRunner.runSequentially(SuiteRunner.java:371)
	at org.testng.SuiteRunner.privateRun(SuiteRunner.java:332)
	at org.testng.SuiteRunner.run(SuiteRunner.java:276)
	at org.testng.SuiteRunnerWorker.runSuite(SuiteRunnerWorker.java:53)
	at org.testng.SuiteRunnerWorker.run(SuiteRunnerWorker.java:96)
	at org.testng.TestNG.runSuitesSequentially(TestNG.java:1212)
	at org.testng.TestNG.runSuitesLocally(TestNG.java:1134)
	at org.testng.TestNG.runSuites(TestNG.java:1063)
	at org.testng.TestNG.run(TestNG.java:1031)
	at org.testng.remote.AbstractRemoteTestNG.run(AbstractRemoteTestNG.java:115)
	at org.testng.remote.RemoteTestNG.initAndRun(RemoteTestNG.java:251)
	at org.testng.remote.RemoteTestNG.main(RemoteTestNG.java:77)
</pre></div></td>
<td>0</td>
<td>testng.logintestcasewithdependson@7a1ebcd8</td></tr>
</table><p>
</body>
</html>