<?xml version="1.0" encoding="UTF-8"?>
<!-- Generated by org.testng.reporters.JUnitXMLReporter -->
<testsuite hostname="LAPTOP-SICQQ1V5" ignored="0" name="Test" tests="34" failures="3" timestamp="2022-01-19T22:33:30 IST" time="172.598" errors="0">
  <testcase name="openBroserAndLogin" time="42.711" classname="testng.actitimeloginwithassertcondition"/>
  <testcase name="logoutAndClose" time="13.148" classname="testng.actitimeloginwithassertcondition"/>
  <testcase name="testcase1" time="0.006" classname="testng.sampletesting"/>
  <testcase name="tc_1openbrowserandlogin" time="23.47" classname="testng.actitimeloginwithclasslevelannotation"/>
  <testcase name="tc_2logoutandclosebrowser" time="9.22" classname="testng.actitimeloginwithclasslevelannotation"/>
  <testcase name="openbrowserandlogin" time="17.63" classname="testng.Actitimetask"/>
  <testcase name="createandverifytask" time="27.059" classname="testng.Actitimetask"/>
  <testcase name="logoutandclose" time="1.186" classname="testng.Actitimetask">
    <failure type="org.openqa.selenium.ElementClickInterceptedException" message="element click intercepted: Element &amp;lt;a href=&amp;quot;/logout.do&amp;quot; id=&amp;quot;logoutLink&amp;quot; class=&amp;quot;logout&amp;quot;&amp;gt;...&amp;lt;/a&amp;gt; is not clickable at point (1479, 17). Other element would receive the click: &amp;lt;img src=&amp;quot;/img/default/dialogs/exitconfirm/shade.png?hash=1846506722&amp;quot; id=&amp;quot;muar&amp;quot; style=&amp;quot;display: block;&amp;quot;&amp;gt;
  (Session info: chrome=97.0.4692.71)
Build info: version: &amp;apos;3.141.59&amp;apos;, revision: &amp;apos;e82be7d358&amp;apos;, time: &amp;apos;2018-11-14T08:25:48&amp;apos;
System info: host: &amp;apos;LAPTOP-SICQQ1V5&amp;apos;, ip: &amp;apos;192.168.43.219&amp;apos;, os.name: &amp;apos;Windows 10&amp;apos;, os.arch: &amp;apos;amd64&amp;apos;, os.version: &amp;apos;10.0&amp;apos;, java.version: &amp;apos;1.8.0_202&amp;apos;
Driver info: org.openqa.selenium.chrome.ChromeDriver
Capabilities {acceptInsecureCerts: false, browserName: chrome, browserVersion: 97.0.4692.71, chrome: {chromedriverVersion: 97.0.4692.71 (adefa7837d02a..., userDataDir: C:\Users\TEJALP~1\AppData\L...}, goog:chromeOptions: {debuggerAddress: localhost:50363}, javascriptEnabled: true, networkConnectionEnabled: false, pageLoadStrategy: normal, platform: WINDOWS, platformName: WINDOWS, proxy: Proxy(), setWindowRect: true, strictFileInteractability: false, timeouts: {implicit: 0, pageLoad: 300000, script: 30000}, unhandledPromptBehavior: dismiss and notify, webauthn:extension:credBlob: true, webauthn:extension:largeBlob: true, webauthn:virtualAuthenticators: true}
Session ID: 729acfef9e73fe34f14231035accbd67">
      <![CDATA[org.openqa.selenium.ElementClickInterceptedException: element click intercepted: Element <a href="/logout.do" id="logoutLink" class="logout">...</a> is not clickable at point (1479, 17). Other element would receive the click: <img src="/img/default/dialogs/exitconfirm/shade.png?hash=1846506722" id="muar" style="display: block;">
  (Session info: chrome=97.0.4692.71)
Build info: version: '3.141.59', revision: 'e82be7d358', time: '2018-11-14T08:25:48'
System info: host: 'LAPTOP-SICQQ1V5', ip: '192.168.43.219', os.name: 'Windows 10', os.arch: 'amd64', os.version: '10.0', java.version: '1.8.0_202'
Driver info: org.openqa.selenium.chrome.ChromeDriver
Capabilities {acceptInsecureCerts: false, browserName: chrome, browserVersion: 97.0.4692.71, chrome: {chromedriverVersion: 97.0.4692.71 (adefa7837d02a..., userDataDir: C:\Users\TEJALP~1\AppData\L...}, goog:chromeOptions: {debuggerAddress: localhost:50363}, javascriptEnabled: true, networkConnectionEnabled: false, pageLoadStrategy: normal, platform: WINDOWS, platformName: WINDOWS, proxy: Proxy(), setWindowRect: true, strictFileInteractability: false, timeouts: {implicit: 0, pageLoad: 300000, script: 30000}, unhandledPromptBehavior: dismiss and notify, webauthn:extension:credBlob: true, webauthn:extension:largeBlob: true, webauthn:virtualAuthenticators: true}
Session ID: 729acfef9e73fe34f14231035accbd67
at org.openqa.selenium.remote.http.W3CHttpResponseCodec.createException(W3CHttpResponseCodec.java:187)
at org.openqa.selenium.remote.http.W3CHttpResponseCodec.decode(W3CHttpResponseCodec.java:122)
at org.openqa.selenium.remote.http.W3CHttpResponseCodec.decode(W3CHttpResponseCodec.java:49)
at org.openqa.selenium.remote.HttpCommandExecutor.execute(HttpCommandExecutor.java:158)
at org.openqa.selenium.remote.service.DriverCommandExecutor.execute(DriverCommandExecutor.java:83)
at org.openqa.selenium.remote.RemoteWebDriver.execute(RemoteWebDriver.java:552)
at org.openqa.selenium.remote.RemoteWebElement.execute(RemoteWebElement.java:285)
at org.openqa.selenium.remote.RemoteWebElement.click(RemoteWebElement.java:84)
at testng.Actitimetask.logoutandclose(Actitimetask.java:98)
at java.util.ArrayList.forEach(Unknown Source)
... Removed 31 stack frames]]>
    </failure>
  </testcase> <!-- logoutandclose -->
  <testcase name="testcase1" time="0.005" classname="testng.sampletesting1"/>
  <testcase name="loginvaliduser" time="0.003" classname="testng.logintestcasewithdependson">
    <failure type="java.lang.ArithmeticException" message="/ by zero">
      <![CDATA[java.lang.ArithmeticException: / by zero
at testng.logintestcasewithdependson.loginvaliduser(logintestcasewithdependson.java:8)
at java.util.ArrayList.forEach(Unknown Source)
... Removed 27 stack frames]]>
    </failure>
  </testcase> <!-- loginvaliduser -->
  <testcase name="createtask" time="0.0" classname="testng.logintestcasewithdependson">
    <skipped/>
  </testcase> <!-- createtask -->
  <testcase name="testgooglelandingpage" time="0.02" classname="testng.googleapplicationwithbeforeaftertest"/>
  <testcase name="testsearch" time="3.87" classname="testng.googleapplicationwithbeforeaftertest"/>
  <testcase name="loginwithvaliduser1" time="0.014" classname="testng.AllAttributesinone"/>
  <testcase name="createtask" time="0.004" classname="testng.AllAttributesinone"/>
  <testcase name="logintestcasewithemptyuser" time="0.002" classname="testng.logintestcasewithpriority"/>
  <testcase name="logintestcasewithvaliduser" time="0.002" classname="testng.logintestcasewithpriority"/>
  <testcase name="logintestcasewithinvaliduser" time="0.003" classname="testng.logintestcasewithpriority"/>
  <testcase name="testcase1" time="0.002" classname="testng.Groupexample"/>
  <testcase name="testcase2" time="0.001" classname="testng.Groupexample"/>
  <testcase name="testcase3" time="0.002" classname="testng.Groupexample"/>
  <testcase name="testcase4" time="0.002" classname="testng.Groupexample"/>
  <testcase name="testcase5" time="0.003" classname="testng.Groupexample"/>
  <testcase name="testcase6" time="0.005" classname="testng.Groupexample"/>
  <testcase name="loginwithemptyusername" time="0.002" classname="testng.logintestcase"/>
  <testcase name="loginwithinvalidusername" time="0.004" classname="testng.logintestcase"/>
  <testcase name="loginwithvalidusername" time="0.002" classname="testng.logintestcase"/>
  <testcase name="loginwithinvaliduser" time="1.006" classname="testng.logintestcasewithtimeout"/>
  <testcase name="loginwithvaliduser" time="2.014" classname="testng.logintestcasewithtimeout">
    <failure type="org.testng.internal.thread.ThreadTimeoutException" message="Method testng.logintestcasewithtimeout.loginwithvaliduser() didn&amp;apos;t finish within the time-out 2000">
      <![CDATA[org.testng.internal.thread.ThreadTimeoutException: Method testng.logintestcasewithtimeout.loginwithvaliduser() didn't finish within the time-out 2000
at java.util.ArrayList.forEach(Unknown Source)
... Removed 24 stack frames]]>
    </failure>
  </testcase> <!-- loginwithvaliduser -->
  <testcase name="createtask" time="0.002" classname="testng.logintestcasewithenabled"/>
  <testcase name="logintestcasewithvaliddata" time="0.008" classname="testng.logintestcasewithenabled"/>
  <testcase name="loginwithemptyuser" time="0.008" classname="testng.testcasewithdiscription"/>
  <testcase name="loginwithinvaliduser" time="0.002" classname="testng.testcasewithdiscription"/>
  <testcase name="loginwithvaliduser" time="0.001" classname="testng.testcasewithdiscription"/>
</testsuite> <!-- Test -->
